<?xml version="1.0" encoding="utf-8"?><testsuites name="pytest tests"><testsuite name="pytest" errors="0" failures="0" skipped="0" tests="21" time="3.772" timestamp="2026-03-30T12:22:14.654950+00:00" hostname="agent-env-e8971e52-4a00-4f96-bd70-cc8586a322fa"><testcase classname="tests.test_budgetwise_api.TestHealth" name="test_health_check" time="0.257" /><testcase classname="tests.test_budgetwise_api.TestCategories" name="test_get_all_categories" time="0.138" /><testcase classname="tests.test_budgetwise_api.TestCategories" name="test_get_expense_categories" time="0.178" /><testcase classname="tests.test_budgetwise_api.TestCategories" name="test_get_income_categories" time="0.142" /><testcase classname="tests.test_budgetwise_api.TestCategories" name="test_create_custom_category" time="0.211" /><testcase classname="tests.test_budgetwise_api.TestTransactions" name="test_create_transaction_and_verify" time="0.204" /><testcase classname="tests.test_budgetwise_api.TestTransactions" name="test_get_transactions_list" time="0.183" /><testcase classname="tests.test_budgetwise_api.TestTransactions" name="test_update_transaction_and_verify" time="0.238" /><testcase classname="tests.test_budgetwise_api.TestTransactions" name="test_delete_transaction_and_verify" time="0.246" /><testcase classname="tests.test_budgetwise_api.TestAnalytics" name="test_get_summary" time="0.104" /><testcase classname="tests.test_budgetwise_api.TestAnalytics" name="test_get_summary_with_month" time="0.119" /><testcase classname="tests.test_budgetwise_api.TestAnalytics" name="test_get_category_breakdown" time="0.135" /><testcase classname="tests.test_budgetwise_api.TestAnalytics" name="test_get_daily_trend" time="0.119" /><testcase classname="tests.test_budgetwise_api.TestAnalytics" name="test_get_monthly_trend" time="0.119" /><testcase classname="tests.test_budgetwise_api.TestBudgets" name="test_create_budget_and_verify" time="0.251" /><testcase classname="tests.test_budgetwise_api.TestBudgets" name="test_get_budgets" time="0.105" /><testcase classname="tests.test_budgetwise_api.TestBudgets" name="test_delete_budget_and_verify" time="0.258" /><testcase classname="tests.test_budgetwise_api.TestSettings" name="test_get_settings" time="0.118" /><testcase classname="tests.test_budgetwise_api.TestSettings" name="test_update_settings" time="0.103" /><testcase classname="tests.test_budgetwise_api.TestSettings" name="test_pin_set_verify_remove_flow" time="0.282" /><testcase classname="tests.test_budgetwise_api.TestSettings" name="test_pin_validation" time="0.139" /></testsuite></testsuites>